Command line:
   cam_read_isim_beh.exe
     -simmode  gui
     -simrunnum  0
     -socket  44443

Tue Jan 14 17:13:18 2020


 Elaboration Time: 0.04 sec

 Current Memory Usage: 184.185 Meg

 Total Signals          : 21
 Total Nets             : 49
 Total Signal Drivers   : 9
 Total Blocks           : 2
 Total Primitive Blocks : 2
 Total Processes        : 12
 Total Traceable Variables  : 24
 Total Scalar Nets and Variables : 194
Total Line Count : 38

 Total Simulation Time: 0.07 sec

 Current Memory Usage: 259.686 Meg

Tue Jan 14 17:13:33 2020

